=~=~=~=~=~=~=~=~=~=~=~= PuTTY log 2024.04.13 22:12:58 =~=~=~=~=~=~=~=~=~=~=~=
Using username "oracle".
Last login: Sat Apr 13 07:14:05 MDT 2024 from ep08db05.corp.ads on ssh
Last login: Sat Apr 13 08:12:58 2024 from 142.63.12.215
[?1034hep08db04:~ $ ps -ef | grep pmon
oracle    17933      1  0  2023 ?        00:36:28 asm_[01;31m[Kpmon[m[K_+ASM4
oracle    24814      1  0  2023 ?        00:42:50 apx_[01;31m[Kpmon[m[K_+APX4
oracle    25122      1  0  2023 ?        01:32:09 ora_[01;31m[Kpmon[m[K_KBU34CAD1
oracle    25124      1  0  2023 ?        01:33:31 ora_[01;31m[Kpmon[m[K_KBU56CAD1
oracle    25129      1  0  2023 ?        01:31:44 ora_[01;31m[Kpmon[m[K_KBU12CAD1
oracle    25165      1  0  2023 ?        02:05:10 ora_[01;31m[Kpmon[m[K_KBCUSCAD1
oracle    25171      1  0  2023 ?        01:24:35 ora_[01;31m[Kpmon[m[K_KBRPTCPR1
oracle   184309 184159  0 08:13 pts/1    00:00:00 grep --color=auto [01;31m[Kpmon[m[K
ep08db04:~ $ . oraenv
ORACLE_SID = [oracle] ? KBRPTCPR1
The Oracle base has been set to /u01/app/oracle
ep08db04:~ $ cd /ora/fs0000/log/KBCUSRPT/novo/POL1rpt2
ep08db04:/ora/fs0000/log/KBCUSRPT/novo/POL1rpt2 $ sqlplus / as sysdba

SQL*Plus: Release 19.0.0.0.0 - Production on Sat Apr 13 08:13:17 2024
Version 19.10.0.0.0

Copyright (c) 1982, 2020, Oracle.  All rights reserved.


Connected to:
Oracle Database 19c Enterprise Edition Release 19.0.0.0.0 - Production
Version 19.10.0.0.0

SQL> alter session set container = RPT2C;

Session altered.

SQL> set linesize 300
col username for a15
col ACCOUNT_STATUS for a20
col EXPIRY_DATE for a12
col Profile for a20
select username, account_status, lock_date, expiry_date, Profile 
from dba_users where username like '%X222911%';SQL> SQL> SQL> SQL> SQL>   2  

USERNAME	ACCOUNT_STATUS	     LOCK_DATE EXPIRY_DATE  PROFILE
--------------- -------------------- --------- ------------ --------------------
X222911 	EXPIRED & LOCKED     11-DEC-23 16-JUN-23    LONGRUN_PROF3

SQL> alter user X222911  identified by  n3wBoat54;

User altered.

SQL> set linesize 300
col username for a15
col ACCOUNT_STATUS for a20
col EXPIRY_DATE for a12
col Profile for a20
select username, account_status, lock_date, expiry_date, Profile 
from dba_users where username like '%X222911%';SQL> SQL> SQL> SQL> SQL>   2  

USERNAME	ACCOUNT_STATUS	     LOCK_DATE EXPIRY_DATE  PROFILE
--------------- -------------------- --------- ------------ --------------------
X222911 	LOCKED		     11-DEC-23 12-JUL-24    LONGRUN_PROF3

SQL> alter user X222911  account unlock;

User altered.

SQL> set linesize 300
col username for a15
col ACCOUNT_STATUS for a20
col EXPIRY_DATE for a12
col Profile for a20
select username, account_status, lock_date, expiry_date, Profile 
from dba_users where username like '%X222911%';SQL> SQL> SQL> SQL> SQL>   2  

USERNAME	ACCOUNT_STATUS	     LOCK_DATE EXPIRY_DATE  PROFILE
--------------- -------------------- --------- ------------ --------------------
X222911 	OPEN			       12-JUL-24    LONGRUN_PROF3

SQL> 